<?xml version="1.0" encoding="UTF-8"?>
<testsuite xmlns:xsi="http://www.w3.org/2001/XMLSchema-instance" xsi:noNamespaceSchemaLocation="https://maven.apache.org/surefire/maven-surefire-plugin/xsd/surefire-test-report.xsd" name="com.happeo.userprovisioning.demo2api.Demo2ApiApplicationTests" time="9.13" tests="1" errors="0" skipped="0" failures="0">
  <properties>
[...]
</properties>
  <testcase name="contextLoads" classname="com.happeo.userprovisioning.demo2api.Demo2ApiApplicationTests" time="0.896"/>
</testsuite>